2023-11-21 16:11:31,202 INFO     
2023-11-21 16:11:31,202 INFO     ██╗   ██╗██████╗ ██████╗ ████████╗███████╗███╗   ███╗██████╗  ██████╗
2023-11-21 16:11:31,202 INFO     ██║   ██║██╔══██╗██╔══██╗╚══██╔══╝██╔════╝████╗ ████║██╔══██╗██╔═══██╗
2023-11-21 16:11:31,202 INFO     ██║   ██║██████╔╝██████╔╝   ██║   █████╗  ██╔████╔██║██████╔╝██║   ██║
2023-11-21 16:11:31,203 INFO     ╚██╗ ██╔╝██╔═══╝ ██╔══██╗   ██║   ██╔══╝  ██║╚██╔╝██║██╔═══╝ ██║   ██║
2023-11-21 16:11:31,203 INFO      ╚████╔╝ ██║     ██║  ██║   ██║   ███████╗██║ ╚═╝ ██║██║     ╚██████╔╝
2023-11-21 16:11:31,203 INFO       ╚═══╝  ╚═╝     ╚═╝  ╚═╝   ╚═╝   ╚══════╝╚═╝     ╚═╝╚═╝      ╚═════╝ 
2023-11-21 16:11:31,203 INFO     -----------------------------------------------------------------------
2023-11-21 16:11:31,203 INFO     Temporally Encoded Spiking Neural Network for Visual Place Recognition v1.1.0
2023-11-21 16:11:31,203 INFO     Queensland University of Technology, Centre for Robotics
2023-11-21 16:11:31,203 INFO     
2023-11-21 16:11:31,203 INFO     © 2023 Adam D Hines, Peter G Stratton, Michael Milford, Tobias Fischer
2023-11-21 16:11:31,203 INFO     MIT license - https://github.com/QVPR/VPRTempo
2023-11-21 16:11:31,203 INFO     \\\\\\\\\\\\
2023-11-21 16:11:31,203 INFO     
2023-11-21 16:11:31,203 INFO     CUDA available: True
2023-11-21 16:11:31,203 INFO     Current device is: NVIDIA GeForce RTX 2080
2023-11-21 16:11:31,203 INFO     
2023-11-21 16:11:33,898 INFO     +--------+-----+-----+------+------+------+------+
|   N    |  1  |  5  |  10  |  15  |  20  |  25  |
+--------+-----+-----+------+------+------+------+
| Recall | 0.0 | 0.0 | 0.01 | 0.02 | 0.03 | 0.04 |
+--------+-----+-----+------+------+------+------+
