2023-11-14 09:16:35,098 INFO     
2023-11-14 09:16:35,099 INFO     ██╗   ██╗██████╗ ██████╗ ████████╗███████╗███╗   ███╗██████╗  ██████╗
2023-11-14 09:16:35,100 INFO     ██║   ██║██╔══██╗██╔══██╗╚══██╔══╝██╔════╝████╗ ████║██╔══██╗██╔═══██╗
2023-11-14 09:16:35,100 INFO     ██║   ██║██████╔╝██████╔╝   ██║   █████╗  ██╔████╔██║██████╔╝██║   ██║
2023-11-14 09:16:35,101 INFO     ╚██╗ ██╔╝██╔═══╝ ██╔══██╗   ██║   ██╔══╝  ██║╚██╔╝██║██╔═══╝ ██║   ██║
2023-11-14 09:16:35,101 INFO      ╚████╔╝ ██║     ██║  ██║   ██║   ███████╗██║ ╚═╝ ██║██║     ╚██████╔╝
2023-11-14 09:16:35,102 INFO       ╚═══╝  ╚═╝     ╚═╝  ╚═╝   ╚═╝   ╚══════╝╚═╝     ╚═╝╚═╝      ╚═════╝ 
2023-11-14 09:16:35,103 INFO     -----------------------------------------------------------------------
2023-11-14 09:16:35,103 INFO     Temporally Encoded Spiking Neural Network for Visual Place Recognition v1.1.0
2023-11-14 09:16:35,104 INFO     Queensland University of Technology, Centre for Robotics
2023-11-14 09:16:35,104 INFO     
2023-11-14 09:16:35,105 INFO     © 2023 Adam D Hines, Peter G Stratton, Michael Milford, Tobias Fischer
2023-11-14 09:16:35,105 INFO     MIT license - https://github.com/QVPR/VPRTempo
2023-11-14 09:16:35,106 INFO     \\\\\\\\\\\\
2023-11-14 09:16:35,106 INFO     
2023-11-14 09:16:35,107 INFO     Quantization enabled
2023-11-14 09:16:35,108 INFO     Current device is: CPU
2023-11-14 09:16:35,108 INFO     
2023-11-14 09:25:52,066 INFO     
2023-11-14 09:25:52,067 INFO     ██╗   ██╗██████╗ ██████╗ ████████╗███████╗███╗   ███╗██████╗  ██████╗
2023-11-14 09:25:52,067 INFO     ██║   ██║██╔══██╗██╔══██╗╚══██╔══╝██╔════╝████╗ ████║██╔══██╗██╔═══██╗
2023-11-14 09:25:52,068 INFO     ██║   ██║██████╔╝██████╔╝   ██║   █████╗  ██╔████╔██║██████╔╝██║   ██║
2023-11-14 09:25:52,069 INFO     ╚██╗ ██╔╝██╔═══╝ ██╔══██╗   ██║   ██╔══╝  ██║╚██╔╝██║██╔═══╝ ██║   ██║
2023-11-14 09:25:52,069 INFO      ╚████╔╝ ██║     ██║  ██║   ██║   ███████╗██║ ╚═╝ ██║██║     ╚██████╔╝
2023-11-14 09:25:52,070 INFO       ╚═══╝  ╚═╝     ╚═╝  ╚═╝   ╚═╝   ╚══════╝╚═╝     ╚═╝╚═╝      ╚═════╝ 
2023-11-14 09:25:52,070 INFO     -----------------------------------------------------------------------
2023-11-14 09:25:52,071 INFO     Temporally Encoded Spiking Neural Network for Visual Place Recognition v1.1.0
2023-11-14 09:25:52,071 INFO     Queensland University of Technology, Centre for Robotics
2023-11-14 09:25:52,072 INFO     
2023-11-14 09:25:52,072 INFO     © 2023 Adam D Hines, Peter G Stratton, Michael Milford, Tobias Fischer
2023-11-14 09:25:52,073 INFO     MIT license - https://github.com/QVPR/VPRTempo
2023-11-14 09:25:52,073 INFO     \\\\\\\\\\\\
2023-11-14 09:25:52,074 INFO     
2023-11-14 09:25:52,074 INFO     Quantization enabled
2023-11-14 09:25:52,075 INFO     Current device is: CPU
2023-11-14 09:25:52,076 INFO     
2023-11-14 10:46:38,650 INFO     
2023-11-14 10:46:38,651 INFO     ██╗   ██╗██████╗ ██████╗ ████████╗███████╗███╗   ███╗██████╗  ██████╗
2023-11-14 10:46:38,651 INFO     ██║   ██║██╔══██╗██╔══██╗╚══██╔══╝██╔════╝████╗ ████║██╔══██╗██╔═══██╗
2023-11-14 10:46:38,652 INFO     ██║   ██║██████╔╝██████╔╝   ██║   █████╗  ██╔████╔██║██████╔╝██║   ██║
2023-11-14 10:46:38,653 INFO     ╚██╗ ██╔╝██╔═══╝ ██╔══██╗   ██║   ██╔══╝  ██║╚██╔╝██║██╔═══╝ ██║   ██║
2023-11-14 10:46:38,653 INFO      ╚████╔╝ ██║     ██║  ██║   ██║   ███████╗██║ ╚═╝ ██║██║     ╚██████╔╝
2023-11-14 10:46:38,654 INFO       ╚═══╝  ╚═╝     ╚═╝  ╚═╝   ╚═╝   ╚══════╝╚═╝     ╚═╝╚═╝      ╚═════╝ 
2023-11-14 10:46:38,654 INFO     -----------------------------------------------------------------------
2023-11-14 10:46:38,655 INFO     Temporally Encoded Spiking Neural Network for Visual Place Recognition v1.1.0
2023-11-14 10:46:38,656 INFO     Queensland University of Technology, Centre for Robotics
2023-11-14 10:46:38,656 INFO     
2023-11-14 10:46:38,657 INFO     © 2023 Adam D Hines, Peter G Stratton, Michael Milford, Tobias Fischer
2023-11-14 10:46:38,658 INFO     MIT license - https://github.com/QVPR/VPRTempo
2023-11-14 10:46:38,658 INFO     \\\\\\\\\\\\
2023-11-14 10:46:38,659 INFO     
2023-11-14 10:46:38,660 INFO     Quantization enabled
2023-11-14 10:46:38,661 INFO     Current device is: CPU
2023-11-14 10:46:38,662 INFO     
2023-11-14 12:15:30,053 INFO     
2023-11-14 12:15:30,054 INFO     ██╗   ██╗██████╗ ██████╗ ████████╗███████╗███╗   ███╗██████╗  ██████╗
2023-11-14 12:15:30,055 INFO     ██║   ██║██╔══██╗██╔══██╗╚══██╔══╝██╔════╝████╗ ████║██╔══██╗██╔═══██╗
2023-11-14 12:15:30,055 INFO     ██║   ██║██████╔╝██████╔╝   ██║   █████╗  ██╔████╔██║██████╔╝██║   ██║
2023-11-14 12:15:30,056 INFO     ╚██╗ ██╔╝██╔═══╝ ██╔══██╗   ██║   ██╔══╝  ██║╚██╔╝██║██╔═══╝ ██║   ██║
2023-11-14 12:15:30,056 INFO      ╚████╔╝ ██║     ██║  ██║   ██║   ███████╗██║ ╚═╝ ██║██║     ╚██████╔╝
2023-11-14 12:15:30,057 INFO       ╚═══╝  ╚═╝     ╚═╝  ╚═╝   ╚═╝   ╚══════╝╚═╝     ╚═╝╚═╝      ╚═════╝ 
2023-11-14 12:15:30,057 INFO     -----------------------------------------------------------------------
2023-11-14 12:15:30,058 INFO     Temporally Encoded Spiking Neural Network for Visual Place Recognition v1.1.0
2023-11-14 12:15:30,059 INFO     Queensland University of Technology, Centre for Robotics
2023-11-14 12:15:30,059 INFO     
2023-11-14 12:15:30,060 INFO     © 2023 Adam D Hines, Peter G Stratton, Michael Milford, Tobias Fischer
2023-11-14 12:15:30,060 INFO     MIT license - https://github.com/QVPR/VPRTempo
2023-11-14 12:15:30,060 INFO     \\\\\\\\\\\\
2023-11-14 12:15:30,061 INFO     
2023-11-14 12:15:30,062 INFO     Quantization enabled
2023-11-14 12:15:30,062 INFO     Current device is: CPU
2023-11-14 12:15:30,063 INFO     
2023-11-14 13:01:53,863 INFO     
2023-11-14 13:01:53,864 INFO     ██╗   ██╗██████╗ ██████╗ ████████╗███████╗███╗   ███╗██████╗  ██████╗
2023-11-14 13:01:53,864 INFO     ██║   ██║██╔══██╗██╔══██╗╚══██╔══╝██╔════╝████╗ ████║██╔══██╗██╔═══██╗
2023-11-14 13:01:53,865 INFO     ██║   ██║██████╔╝██████╔╝   ██║   █████╗  ██╔████╔██║██████╔╝██║   ██║
2023-11-14 13:01:53,866 INFO     ╚██╗ ██╔╝██╔═══╝ ██╔══██╗   ██║   ██╔══╝  ██║╚██╔╝██║██╔═══╝ ██║   ██║
2023-11-14 13:01:53,866 INFO      ╚████╔╝ ██║     ██║  ██║   ██║   ███████╗██║ ╚═╝ ██║██║     ╚██████╔╝
2023-11-14 13:01:53,867 INFO       ╚═══╝  ╚═╝     ╚═╝  ╚═╝   ╚═╝   ╚══════╝╚═╝     ╚═╝╚═╝      ╚═════╝ 
2023-11-14 13:01:53,868 INFO     -----------------------------------------------------------------------
2023-11-14 13:01:53,868 INFO     Temporally Encoded Spiking Neural Network for Visual Place Recognition v1.1.0
2023-11-14 13:01:53,869 INFO     Queensland University of Technology, Centre for Robotics
2023-11-14 13:01:53,869 INFO     
2023-11-14 13:01:53,870 INFO     © 2023 Adam D Hines, Peter G Stratton, Michael Milford, Tobias Fischer
2023-11-14 13:01:53,870 INFO     MIT license - https://github.com/QVPR/VPRTempo
2023-11-14 13:01:53,871 INFO     \\\\\\\\\\\\
2023-11-14 13:01:53,872 INFO     
2023-11-14 13:01:53,872 INFO     Quantization enabled
2023-11-14 13:01:53,873 INFO     Current device is: CPU
2023-11-14 13:01:53,873 INFO     
2023-11-14 13:09:47,665 INFO     
2023-11-14 13:09:47,666 INFO     ██╗   ██╗██████╗ ██████╗ ████████╗███████╗███╗   ███╗██████╗  ██████╗
2023-11-14 13:09:47,667 INFO     ██║   ██║██╔══██╗██╔══██╗╚══██╔══╝██╔════╝████╗ ████║██╔══██╗██╔═══██╗
2023-11-14 13:09:47,667 INFO     ██║   ██║██████╔╝██████╔╝   ██║   █████╗  ██╔████╔██║██████╔╝██║   ██║
2023-11-14 13:09:47,668 INFO     ╚██╗ ██╔╝██╔═══╝ ██╔══██╗   ██║   ██╔══╝  ██║╚██╔╝██║██╔═══╝ ██║   ██║
2023-11-14 13:09:47,669 INFO      ╚████╔╝ ██║     ██║  ██║   ██║   ███████╗██║ ╚═╝ ██║██║     ╚██████╔╝
2023-11-14 13:09:47,669 INFO       ╚═══╝  ╚═╝     ╚═╝  ╚═╝   ╚═╝   ╚══════╝╚═╝     ╚═╝╚═╝      ╚═════╝ 
2023-11-14 13:09:47,670 INFO     -----------------------------------------------------------------------
2023-11-14 13:09:47,671 INFO     Temporally Encoded Spiking Neural Network for Visual Place Recognition v1.1.0
2023-11-14 13:09:47,671 INFO     Queensland University of Technology, Centre for Robotics
2023-11-14 13:09:47,672 INFO     
2023-11-14 13:09:47,672 INFO     © 2023 Adam D Hines, Peter G Stratton, Michael Milford, Tobias Fischer
2023-11-14 13:09:47,673 INFO     MIT license - https://github.com/QVPR/VPRTempo
2023-11-14 13:09:47,674 INFO     \\\\\\\\\\\\
2023-11-14 13:09:47,674 INFO     
2023-11-14 13:09:47,675 INFO     Quantization enabled
2023-11-14 13:09:47,675 INFO     Current device is: CPU
2023-11-14 13:09:47,676 INFO     
