2023-11-13 11:05:54,193 INFO     
2023-11-13 11:05:54,193 INFO     ██╗   ██╗██████╗ ██████╗ ████████╗███████╗███╗   ███╗██████╗  ██████╗
2023-11-13 11:05:54,193 INFO     ██║   ██║██╔══██╗██╔══██╗╚══██╔══╝██╔════╝████╗ ████║██╔══██╗██╔═══██╗
2023-11-13 11:05:54,193 INFO     ██║   ██║██████╔╝██████╔╝   ██║   █████╗  ██╔████╔██║██████╔╝██║   ██║
2023-11-13 11:05:54,193 INFO     ╚██╗ ██╔╝██╔═══╝ ██╔══██╗   ██║   ██╔══╝  ██║╚██╔╝██║██╔═══╝ ██║   ██║
2023-11-13 11:05:54,193 INFO      ╚████╔╝ ██║     ██║  ██║   ██║   ███████╗██║ ╚═╝ ██║██║     ╚██████╔╝
2023-11-13 11:05:54,193 INFO       ╚═══╝  ╚═╝     ╚═╝  ╚═╝   ╚═╝   ╚══════╝╚═╝     ╚═╝╚═╝      ╚═════╝ 
2023-11-13 11:05:54,193 INFO     -----------------------------------------------------------------------
2023-11-13 11:05:54,193 INFO     Temporally Encoded Spiking Neural Network for Visual Place Recognition v1.1.0
2023-11-13 11:05:54,193 INFO     Queensland University of Technology, Centre for Robotics
2023-11-13 11:05:54,193 INFO     
2023-11-13 11:05:54,193 INFO     © 2023 Adam D Hines, Peter G Stratton, Michael Milford, Tobias Fischer
2023-11-13 11:05:54,193 INFO     MIT license - https://github.com/QVPR/VPRTempo
2023-11-13 11:05:54,193 INFO     \\\\\\\\\\\\
2023-11-13 11:05:54,194 INFO     
2023-11-13 11:05:54,194 INFO     Quantization enabled
2023-11-13 11:05:54,194 INFO     Current device is: CPU
2023-11-13 11:05:54,194 INFO     
2023-11-13 11:05:56,218 INFO     +--------+-------+-------+-------+-------+-------+------+
|   N    |   1   |   5   |   10  |   15  |   20  |  25  |
+--------+-------+-------+-------+-------+-------+------+
| Recall | 0.906 | 0.956 | 0.976 | 0.984 | 0.986 | 0.99 |
+--------+-------+-------+-------+-------+-------+------+
