2023-11-17 15:45:13,542 INFO     
2023-11-17 15:45:13,542 INFO     ██╗   ██╗██████╗ ██████╗ ████████╗███████╗███╗   ███╗██████╗  ██████╗
2023-11-17 15:45:13,543 INFO     ██║   ██║██╔══██╗██╔══██╗╚══██╔══╝██╔════╝████╗ ████║██╔══██╗██╔═══██╗
2023-11-17 15:45:13,543 INFO     ██║   ██║██████╔╝██████╔╝   ██║   █████╗  ██╔████╔██║██████╔╝██║   ██║
2023-11-17 15:45:13,543 INFO     ╚██╗ ██╔╝██╔═══╝ ██╔══██╗   ██║   ██╔══╝  ██║╚██╔╝██║██╔═══╝ ██║   ██║
2023-11-17 15:45:13,543 INFO      ╚████╔╝ ██║     ██║  ██║   ██║   ███████╗██║ ╚═╝ ██║██║     ╚██████╔╝
2023-11-17 15:45:13,543 INFO       ╚═══╝  ╚═╝     ╚═╝  ╚═╝   ╚═╝   ╚══════╝╚═╝     ╚═╝╚═╝      ╚═════╝ 
2023-11-17 15:45:13,543 INFO     -----------------------------------------------------------------------
2023-11-17 15:45:13,543 INFO     Temporally Encoded Spiking Neural Network for Visual Place Recognition v1.1.0
2023-11-17 15:45:13,543 INFO     Queensland University of Technology, Centre for Robotics
2023-11-17 15:45:13,543 INFO     
2023-11-17 15:45:13,543 INFO     © 2023 Adam D Hines, Peter G Stratton, Michael Milford, Tobias Fischer
2023-11-17 15:45:13,543 INFO     MIT license - https://github.com/QVPR/VPRTempo
2023-11-17 15:45:13,543 INFO     \\\\\\\\\\\\
2023-11-17 15:45:13,543 INFO     
2023-11-17 15:45:13,543 INFO     CUDA available: True
2023-11-17 15:45:13,543 INFO     Current device is: NVIDIA GeForce RTX 2080
2023-11-17 15:45:13,544 INFO     
2023-11-17 15:45:14,403 INFO     +--------+-----+------+------+------+------+------+
|   N    |  1  |  5   |  10  |  15  |  20  |  25  |
+--------+-----+------+------+------+------+------+
| Recall | 0.4 | 0.79 | 0.89 | 0.92 | 0.93 | 0.95 |
+--------+-----+------+------+------+------+------+
