2023-11-17 15:34:33,054 INFO     
2023-11-17 15:34:33,054 INFO     ██╗   ██╗██████╗ ██████╗ ████████╗███████╗███╗   ███╗██████╗  ██████╗
2023-11-17 15:34:33,054 INFO     ██║   ██║██╔══██╗██╔══██╗╚══██╔══╝██╔════╝████╗ ████║██╔══██╗██╔═══██╗
2023-11-17 15:34:33,054 INFO     ██║   ██║██████╔╝██████╔╝   ██║   █████╗  ██╔████╔██║██████╔╝██║   ██║
2023-11-17 15:34:33,054 INFO     ╚██╗ ██╔╝██╔═══╝ ██╔══██╗   ██║   ██╔══╝  ██║╚██╔╝██║██╔═══╝ ██║   ██║
2023-11-17 15:34:33,054 INFO      ╚████╔╝ ██║     ██║  ██║   ██║   ███████╗██║ ╚═╝ ██║██║     ╚██████╔╝
2023-11-17 15:34:33,054 INFO       ╚═══╝  ╚═╝     ╚═╝  ╚═╝   ╚═╝   ╚══════╝╚═╝     ╚═╝╚═╝      ╚═════╝ 
2023-11-17 15:34:33,054 INFO     -----------------------------------------------------------------------
2023-11-17 15:34:33,055 INFO     Temporally Encoded Spiking Neural Network for Visual Place Recognition v1.1.0
2023-11-17 15:34:33,055 INFO     Queensland University of Technology, Centre for Robotics
2023-11-17 15:34:33,055 INFO     
2023-11-17 15:34:33,055 INFO     © 2023 Adam D Hines, Peter G Stratton, Michael Milford, Tobias Fischer
2023-11-17 15:34:33,055 INFO     MIT license - https://github.com/QVPR/VPRTempo
2023-11-17 15:34:33,055 INFO     \\\\\\\\\\\\
2023-11-17 15:34:33,055 INFO     
2023-11-17 15:34:33,055 INFO     CUDA available: True
2023-11-17 15:34:33,055 INFO     Current device is: NVIDIA GeForce RTX 2080
2023-11-17 15:34:33,055 INFO     
2023-11-17 15:34:33,865 INFO     +--------+------+------+------+------+------+------+
|   N    |  1   |  5   |  10  |  15  |  20  |  25  |
+--------+------+------+------+------+------+------+
| Recall | 0.43 | 0.75 | 0.83 | 0.88 | 0.91 | 0.93 |
+--------+------+------+------+------+------+------+
