2023-11-09 14:35:08,607 INFO     
2023-11-09 14:35:08,607 INFO     ██╗   ██╗██████╗ ██████╗ ████████╗███████╗███╗   ███╗██████╗  ██████╗
2023-11-09 14:35:08,607 INFO     ██║   ██║██╔══██╗██╔══██╗╚══██╔══╝██╔════╝████╗ ████║██╔══██╗██╔═══██╗
2023-11-09 14:35:08,608 INFO     ██║   ██║██████╔╝██████╔╝   ██║   █████╗  ██╔████╔██║██████╔╝██║   ██║
2023-11-09 14:35:08,608 INFO     ╚██╗ ██╔╝██╔═══╝ ██╔══██╗   ██║   ██╔══╝  ██║╚██╔╝██║██╔═══╝ ██║   ██║
2023-11-09 14:35:08,608 INFO      ╚████╔╝ ██║     ██║  ██║   ██║   ███████╗██║ ╚═╝ ██║██║     ╚██████╔╝
2023-11-09 14:35:08,609 INFO       ╚═══╝  ╚═╝     ╚═╝  ╚═╝   ╚═╝   ╚══════╝╚═╝     ╚═╝╚═╝      ╚═════╝ 
2023-11-09 14:35:08,609 INFO     -----------------------------------------------------------------------
2023-11-09 14:35:08,610 INFO     Temporally Encoded Spiking Neural Network for Visual Place Recognition v1.1.0
2023-11-09 14:35:08,610 INFO     Queensland University of Technology, Centre for Robotics
2023-11-09 14:35:08,610 INFO     
2023-11-09 14:35:08,611 INFO     © 2023 Adam D Hines, Peter G Stratton, Michael Milford, Tobias Fischer
2023-11-09 14:35:08,611 INFO     MIT license - https://github.com/QVPR/VPRTempo
2023-11-09 14:35:08,611 INFO     \\\\\\\\\\\\
2023-11-09 14:35:08,612 INFO     
2023-11-09 14:35:08,612 INFO     Quantization enabled
2023-11-09 14:35:08,612 INFO     Current device is: CPU
2023-11-09 14:35:08,612 INFO     
2023-11-09 14:35:12,428 INFO     +--------+-----+-----+-----+-----+-----+-----+
|   N    |  1  |  5  |  10 |  15 |  20 |  25 |
+--------+-----+-----+-----+-----+-----+-----+
| Recall | 1.0 | 1.0 | 1.0 | 1.0 | 1.0 | 1.0 |
+--------+-----+-----+-----+-----+-----+-----+
2023-11-09 14:35:41,227 INFO     
2023-11-09 14:35:41,227 INFO     ██╗   ██╗██████╗ ██████╗ ████████╗███████╗███╗   ███╗██████╗  ██████╗
2023-11-09 14:35:41,227 INFO     ██║   ██║██╔══██╗██╔══██╗╚══██╔══╝██╔════╝████╗ ████║██╔══██╗██╔═══██╗
2023-11-09 14:35:41,228 INFO     ██║   ██║██████╔╝██████╔╝   ██║   █████╗  ██╔████╔██║██████╔╝██║   ██║
2023-11-09 14:35:41,228 INFO     ╚██╗ ██╔╝██╔═══╝ ██╔══██╗   ██║   ██╔══╝  ██║╚██╔╝██║██╔═══╝ ██║   ██║
2023-11-09 14:35:41,229 INFO      ╚████╔╝ ██║     ██║  ██║   ██║   ███████╗██║ ╚═╝ ██║██║     ╚██████╔╝
2023-11-09 14:35:41,229 INFO       ╚═══╝  ╚═╝     ╚═╝  ╚═╝   ╚═╝   ╚══════╝╚═╝     ╚═╝╚═╝      ╚═════╝ 
2023-11-09 14:35:41,229 INFO     -----------------------------------------------------------------------
2023-11-09 14:35:41,229 INFO     Temporally Encoded Spiking Neural Network for Visual Place Recognition v1.1.0
2023-11-09 14:35:41,230 INFO     Queensland University of Technology, Centre for Robotics
2023-11-09 14:35:41,230 INFO     
2023-11-09 14:35:41,230 INFO     © 2023 Adam D Hines, Peter G Stratton, Michael Milford, Tobias Fischer
2023-11-09 14:35:41,231 INFO     MIT license - https://github.com/QVPR/VPRTempo
2023-11-09 14:35:41,231 INFO     \\\\\\\\\\\\
2023-11-09 14:35:41,232 INFO     
2023-11-09 14:35:41,232 INFO     Quantization enabled
2023-11-09 14:35:41,232 INFO     Current device is: CPU
2023-11-09 14:35:41,232 INFO     
2023-11-09 14:36:35,653 INFO     
2023-11-09 14:36:35,653 INFO     ██╗   ██╗██████╗ ██████╗ ████████╗███████╗███╗   ███╗██████╗  ██████╗
2023-11-09 14:36:35,654 INFO     ██║   ██║██╔══██╗██╔══██╗╚══██╔══╝██╔════╝████╗ ████║██╔══██╗██╔═══██╗
2023-11-09 14:36:35,654 INFO     ██║   ██║██████╔╝██████╔╝   ██║   █████╗  ██╔████╔██║██████╔╝██║   ██║
2023-11-09 14:36:35,654 INFO     ╚██╗ ██╔╝██╔═══╝ ██╔══██╗   ██║   ██╔══╝  ██║╚██╔╝██║██╔═══╝ ██║   ██║
2023-11-09 14:36:35,654 INFO      ╚████╔╝ ██║     ██║  ██║   ██║   ███████╗██║ ╚═╝ ██║██║     ╚██████╔╝
2023-11-09 14:36:35,655 INFO       ╚═══╝  ╚═╝     ╚═╝  ╚═╝   ╚═╝   ╚══════╝╚═╝     ╚═╝╚═╝      ╚═════╝ 
2023-11-09 14:36:35,655 INFO     -----------------------------------------------------------------------
2023-11-09 14:36:35,655 INFO     Temporally Encoded Spiking Neural Network for Visual Place Recognition v1.1.0
2023-11-09 14:36:35,656 INFO     Queensland University of Technology, Centre for Robotics
2023-11-09 14:36:35,656 INFO     
2023-11-09 14:36:35,656 INFO     © 2023 Adam D Hines, Peter G Stratton, Michael Milford, Tobias Fischer
2023-11-09 14:36:35,657 INFO     MIT license - https://github.com/QVPR/VPRTempo
2023-11-09 14:36:35,657 INFO     \\\\\\\\\\\\
2023-11-09 14:36:35,657 INFO     
2023-11-09 14:36:35,657 INFO     Quantization enabled
2023-11-09 14:36:35,658 INFO     Current device is: CPU
2023-11-09 14:36:35,658 INFO     
2023-11-09 14:37:43,804 INFO     
2023-11-09 14:37:43,805 INFO     ██╗   ██╗██████╗ ██████╗ ████████╗███████╗███╗   ███╗██████╗  ██████╗
2023-11-09 14:37:43,805 INFO     ██║   ██║██╔══██╗██╔══██╗╚══██╔══╝██╔════╝████╗ ████║██╔══██╗██╔═══██╗
2023-11-09 14:37:43,806 INFO     ██║   ██║██████╔╝██████╔╝   ██║   █████╗  ██╔████╔██║██████╔╝██║   ██║
2023-11-09 14:37:43,807 INFO     ╚██╗ ██╔╝██╔═══╝ ██╔══██╗   ██║   ██╔══╝  ██║╚██╔╝██║██╔═══╝ ██║   ██║
2023-11-09 14:37:43,807 INFO      ╚████╔╝ ██║     ██║  ██║   ██║   ███████╗██║ ╚═╝ ██║██║     ╚██████╔╝
2023-11-09 14:37:43,809 INFO       ╚═══╝  ╚═╝     ╚═╝  ╚═╝   ╚═╝   ╚══════╝╚═╝     ╚═╝╚═╝      ╚═════╝ 
2023-11-09 14:37:43,809 INFO     -----------------------------------------------------------------------
2023-11-09 14:37:43,810 INFO     Temporally Encoded Spiking Neural Network for Visual Place Recognition v1.1.0
2023-11-09 14:37:43,810 INFO     Queensland University of Technology, Centre for Robotics
2023-11-09 14:37:43,811 INFO     
2023-11-09 14:37:43,812 INFO     © 2023 Adam D Hines, Peter G Stratton, Michael Milford, Tobias Fischer
2023-11-09 14:37:43,813 INFO     MIT license - https://github.com/QVPR/VPRTempo
2023-11-09 14:37:43,813 INFO     \\\\\\\\\\\\
2023-11-09 14:37:43,814 INFO     
2023-11-09 14:37:43,815 INFO     Quantization enabled
2023-11-09 14:37:43,815 INFO     Current device is: CPU
2023-11-09 14:37:43,816 INFO     
2023-11-09 14:38:59,870 INFO     
2023-11-09 14:38:59,870 INFO     ██╗   ██╗██████╗ ██████╗ ████████╗███████╗███╗   ███╗██████╗  ██████╗
2023-11-09 14:38:59,871 INFO     ██║   ██║██╔══██╗██╔══██╗╚══██╔══╝██╔════╝████╗ ████║██╔══██╗██╔═══██╗
2023-11-09 14:38:59,871 INFO     ██║   ██║██████╔╝██████╔╝   ██║   █████╗  ██╔████╔██║██████╔╝██║   ██║
2023-11-09 14:38:59,872 INFO     ╚██╗ ██╔╝██╔═══╝ ██╔══██╗   ██║   ██╔══╝  ██║╚██╔╝██║██╔═══╝ ██║   ██║
2023-11-09 14:38:59,872 INFO      ╚████╔╝ ██║     ██║  ██║   ██║   ███████╗██║ ╚═╝ ██║██║     ╚██████╔╝
2023-11-09 14:38:59,872 INFO       ╚═══╝  ╚═╝     ╚═╝  ╚═╝   ╚═╝   ╚══════╝╚═╝     ╚═╝╚═╝      ╚═════╝ 
2023-11-09 14:38:59,873 INFO     -----------------------------------------------------------------------
2023-11-09 14:38:59,873 INFO     Temporally Encoded Spiking Neural Network for Visual Place Recognition v1.1.0
2023-11-09 14:38:59,873 INFO     Queensland University of Technology, Centre for Robotics
2023-11-09 14:38:59,874 INFO     
2023-11-09 14:38:59,874 INFO     © 2023 Adam D Hines, Peter G Stratton, Michael Milford, Tobias Fischer
2023-11-09 14:38:59,875 INFO     MIT license - https://github.com/QVPR/VPRTempo
2023-11-09 14:38:59,875 INFO     \\\\\\\\\\\\
2023-11-09 14:38:59,875 INFO     
2023-11-09 14:38:59,876 INFO     CUDA available: True
2023-11-09 14:38:59,876 INFO     Current device is: NVIDIA GeForce RTX 2080
2023-11-09 14:38:59,876 INFO     
2023-11-09 14:39:21,132 INFO     Training complete.
2023-11-09 14:39:26,372 INFO     
2023-11-09 14:39:26,372 INFO     ██╗   ██╗██████╗ ██████╗ ████████╗███████╗███╗   ███╗██████╗  ██████╗
2023-11-09 14:39:26,372 INFO     ██║   ██║██╔══██╗██╔══██╗╚══██╔══╝██╔════╝████╗ ████║██╔══██╗██╔═══██╗
2023-11-09 14:39:26,373 INFO     ██║   ██║██████╔╝██████╔╝   ██║   █████╗  ██╔████╔██║██████╔╝██║   ██║
2023-11-09 14:39:26,373 INFO     ╚██╗ ██╔╝██╔═══╝ ██╔══██╗   ██║   ██╔══╝  ██║╚██╔╝██║██╔═══╝ ██║   ██║
2023-11-09 14:39:26,373 INFO      ╚████╔╝ ██║     ██║  ██║   ██║   ███████╗██║ ╚═╝ ██║██║     ╚██████╔╝
2023-11-09 14:39:26,374 INFO       ╚═══╝  ╚═╝     ╚═╝  ╚═╝   ╚═╝   ╚══════╝╚═╝     ╚═╝╚═╝      ╚═════╝ 
2023-11-09 14:39:26,375 INFO     -----------------------------------------------------------------------
2023-11-09 14:39:26,375 INFO     Temporally Encoded Spiking Neural Network for Visual Place Recognition v1.1.0
2023-11-09 14:39:26,376 INFO     Queensland University of Technology, Centre for Robotics
2023-11-09 14:39:26,376 INFO     
2023-11-09 14:39:26,376 INFO     © 2023 Adam D Hines, Peter G Stratton, Michael Milford, Tobias Fischer
2023-11-09 14:39:26,377 INFO     MIT license - https://github.com/QVPR/VPRTempo
2023-11-09 14:39:26,377 INFO     \\\\\\\\\\\\
2023-11-09 14:39:26,377 INFO     
2023-11-09 14:39:26,377 INFO     CUDA available: True
2023-11-09 14:39:26,378 INFO     Current device is: NVIDIA GeForce RTX 2080
2023-11-09 14:39:26,378 INFO     
2023-11-09 14:39:27,484 INFO     +--------+-----+------+------+------+------+------+
|   N    |  1  |  5   |  10  |  15  |  20  |  25  |
+--------+-----+------+------+------+------+------+
| Recall | 0.0 | 0.01 | 0.01 | 0.02 | 0.03 | 0.04 |
+--------+-----+------+------+------+------+------+
2023-11-09 14:40:17,106 INFO     
2023-11-09 14:40:17,107 INFO     ██╗   ██╗██████╗ ██████╗ ████████╗███████╗███╗   ███╗██████╗  ██████╗
2023-11-09 14:40:17,107 INFO     ██║   ██║██╔══██╗██╔══██╗╚══██╔══╝██╔════╝████╗ ████║██╔══██╗██╔═══██╗
2023-11-09 14:40:17,108 INFO     ██║   ██║██████╔╝██████╔╝   ██║   █████╗  ██╔████╔██║██████╔╝██║   ██║
2023-11-09 14:40:17,108 INFO     ╚██╗ ██╔╝██╔═══╝ ██╔══██╗   ██║   ██╔══╝  ██║╚██╔╝██║██╔═══╝ ██║   ██║
2023-11-09 14:40:17,108 INFO      ╚████╔╝ ██║     ██║  ██║   ██║   ███████╗██║ ╚═╝ ██║██║     ╚██████╔╝
2023-11-09 14:40:17,109 INFO       ╚═══╝  ╚═╝     ╚═╝  ╚═╝   ╚═╝   ╚══════╝╚═╝     ╚═╝╚═╝      ╚═════╝ 
2023-11-09 14:40:17,109 INFO     -----------------------------------------------------------------------
2023-11-09 14:40:17,110 INFO     Temporally Encoded Spiking Neural Network for Visual Place Recognition v1.1.0
2023-11-09 14:40:17,110 INFO     Queensland University of Technology, Centre for Robotics
2023-11-09 14:40:17,111 INFO     
2023-11-09 14:40:17,111 INFO     © 2023 Adam D Hines, Peter G Stratton, Michael Milford, Tobias Fischer
2023-11-09 14:40:17,111 INFO     MIT license - https://github.com/QVPR/VPRTempo
2023-11-09 14:40:17,112 INFO     \\\\\\\\\\\\
2023-11-09 14:40:17,112 INFO     
2023-11-09 14:40:17,112 INFO     CUDA available: True
2023-11-09 14:40:17,112 INFO     Current device is: NVIDIA GeForce RTX 2080
2023-11-09 14:40:17,112 INFO     
2023-11-09 14:40:27,025 INFO     
2023-11-09 14:40:27,026 INFO     ██╗   ██╗██████╗ ██████╗ ████████╗███████╗███╗   ███╗██████╗  ██████╗
2023-11-09 14:40:27,026 INFO     ██║   ██║██╔══██╗██╔══██╗╚══██╔══╝██╔════╝████╗ ████║██╔══██╗██╔═══██╗
2023-11-09 14:40:27,027 INFO     ██║   ██║██████╔╝██████╔╝   ██║   █████╗  ██╔████╔██║██████╔╝██║   ██║
2023-11-09 14:40:27,027 INFO     ╚██╗ ██╔╝██╔═══╝ ██╔══██╗   ██║   ██╔══╝  ██║╚██╔╝██║██╔═══╝ ██║   ██║
2023-11-09 14:40:27,027 INFO      ╚████╔╝ ██║     ██║  ██║   ██║   ███████╗██║ ╚═╝ ██║██║     ╚██████╔╝
2023-11-09 14:40:27,028 INFO       ╚═══╝  ╚═╝     ╚═╝  ╚═╝   ╚═╝   ╚══════╝╚═╝     ╚═╝╚═╝      ╚═════╝ 
2023-11-09 14:40:27,028 INFO     -----------------------------------------------------------------------
2023-11-09 14:40:27,028 INFO     Temporally Encoded Spiking Neural Network for Visual Place Recognition v1.1.0
2023-11-09 14:40:27,029 INFO     Queensland University of Technology, Centre for Robotics
2023-11-09 14:40:27,029 INFO     
2023-11-09 14:40:27,029 INFO     © 2023 Adam D Hines, Peter G Stratton, Michael Milford, Tobias Fischer
2023-11-09 14:40:27,029 INFO     MIT license - https://github.com/QVPR/VPRTempo
2023-11-09 14:40:27,030 INFO     \\\\\\\\\\\\
2023-11-09 14:40:27,030 INFO     
2023-11-09 14:40:27,030 INFO     Quantization enabled
2023-11-09 14:40:27,030 INFO     Current device is: CPU
2023-11-09 14:40:27,031 INFO     
2023-11-09 14:40:31,399 INFO     +--------+-----+-----+-----+-----+-----+-----+
|   N    |  1  |  5  |  10 |  15 |  20 |  25 |
+--------+-----+-----+-----+-----+-----+-----+
| Recall | 1.0 | 1.0 | 1.0 | 1.0 | 1.0 | 1.0 |
+--------+-----+-----+-----+-----+-----+-----+
2023-11-09 14:41:54,804 INFO     
2023-11-09 14:41:54,804 INFO     ██╗   ██╗██████╗ ██████╗ ████████╗███████╗███╗   ███╗██████╗  ██████╗
2023-11-09 14:41:54,805 INFO     ██║   ██║██╔══██╗██╔══██╗╚══██╔══╝██╔════╝████╗ ████║██╔══██╗██╔═══██╗
2023-11-09 14:41:54,805 INFO     ██║   ██║██████╔╝██████╔╝   ██║   █████╗  ██╔████╔██║██████╔╝██║   ██║
2023-11-09 14:41:54,806 INFO     ╚██╗ ██╔╝██╔═══╝ ██╔══██╗   ██║   ██╔══╝  ██║╚██╔╝██║██╔═══╝ ██║   ██║
2023-11-09 14:41:54,806 INFO      ╚████╔╝ ██║     ██║  ██║   ██║   ███████╗██║ ╚═╝ ██║██║     ╚██████╔╝
2023-11-09 14:41:54,806 INFO       ╚═══╝  ╚═╝     ╚═╝  ╚═╝   ╚═╝   ╚══════╝╚═╝     ╚═╝╚═╝      ╚═════╝ 
2023-11-09 14:41:54,807 INFO     -----------------------------------------------------------------------
2023-11-09 14:41:54,807 INFO     Temporally Encoded Spiking Neural Network for Visual Place Recognition v1.1.0
2023-11-09 14:41:54,808 INFO     Queensland University of Technology, Centre for Robotics
2023-11-09 14:41:54,808 INFO     
2023-11-09 14:41:54,808 INFO     © 2023 Adam D Hines, Peter G Stratton, Michael Milford, Tobias Fischer
2023-11-09 14:41:54,809 INFO     MIT license - https://github.com/QVPR/VPRTempo
2023-11-09 14:41:54,809 INFO     \\\\\\\\\\\\
2023-11-09 14:41:54,810 INFO     
2023-11-09 14:41:54,810 INFO     CUDA available: True
2023-11-09 14:41:54,810 INFO     Current device is: NVIDIA GeForce RTX 2080
2023-11-09 14:41:54,811 INFO     
2023-11-09 14:42:17,551 INFO     Training complete.
2023-11-09 14:42:22,806 INFO     
2023-11-09 14:42:22,807 INFO     ██╗   ██╗██████╗ ██████╗ ████████╗███████╗███╗   ███╗██████╗  ██████╗
2023-11-09 14:42:22,807 INFO     ██║   ██║██╔══██╗██╔══██╗╚══██╔══╝██╔════╝████╗ ████║██╔══██╗██╔═══██╗
2023-11-09 14:42:22,808 INFO     ██║   ██║██████╔╝██████╔╝   ██║   █████╗  ██╔████╔██║██████╔╝██║   ██║
2023-11-09 14:42:22,808 INFO     ╚██╗ ██╔╝██╔═══╝ ██╔══██╗   ██║   ██╔══╝  ██║╚██╔╝██║██╔═══╝ ██║   ██║
2023-11-09 14:42:22,808 INFO      ╚████╔╝ ██║     ██║  ██║   ██║   ███████╗██║ ╚═╝ ██║██║     ╚██████╔╝
2023-11-09 14:42:22,809 INFO       ╚═══╝  ╚═╝     ╚═╝  ╚═╝   ╚═╝   ╚══════╝╚═╝     ╚═╝╚═╝      ╚═════╝ 
2023-11-09 14:42:22,809 INFO     -----------------------------------------------------------------------
2023-11-09 14:42:22,809 INFO     Temporally Encoded Spiking Neural Network for Visual Place Recognition v1.1.0
2023-11-09 14:42:22,810 INFO     Queensland University of Technology, Centre for Robotics
2023-11-09 14:42:22,810 INFO     
2023-11-09 14:42:22,810 INFO     © 2023 Adam D Hines, Peter G Stratton, Michael Milford, Tobias Fischer
2023-11-09 14:42:22,811 INFO     MIT license - https://github.com/QVPR/VPRTempo
2023-11-09 14:42:22,811 INFO     \\\\\\\\\\\\
2023-11-09 14:42:22,812 INFO     
2023-11-09 14:42:22,812 INFO     CUDA available: True
2023-11-09 14:42:22,813 INFO     Current device is: NVIDIA GeForce RTX 2080
2023-11-09 14:42:22,813 INFO     
2023-11-09 14:42:23,920 INFO     +--------+-----+------+------+------+------+------+
|   N    |  1  |  5   |  10  |  15  |  20  |  25  |
+--------+-----+------+------+------+------+------+
| Recall | 0.0 | 0.01 | 0.01 | 0.02 | 0.02 | 0.03 |
+--------+-----+------+------+------+------+------+
2023-11-09 14:42:36,846 INFO     
2023-11-09 14:42:36,846 INFO     ██╗   ██╗██████╗ ██████╗ ████████╗███████╗███╗   ███╗██████╗  ██████╗
2023-11-09 14:42:36,847 INFO     ██║   ██║██╔══██╗██╔══██╗╚══██╔══╝██╔════╝████╗ ████║██╔══██╗██╔═══██╗
2023-11-09 14:42:36,847 INFO     ██║   ██║██████╔╝██████╔╝   ██║   █████╗  ██╔████╔██║██████╔╝██║   ██║
2023-11-09 14:42:36,848 INFO     ╚██╗ ██╔╝██╔═══╝ ██╔══██╗   ██║   ██╔══╝  ██║╚██╔╝██║██╔═══╝ ██║   ██║
2023-11-09 14:42:36,848 INFO      ╚████╔╝ ██║     ██║  ██║   ██║   ███████╗██║ ╚═╝ ██║██║     ╚██████╔╝
2023-11-09 14:42:36,848 INFO       ╚═══╝  ╚═╝     ╚═╝  ╚═╝   ╚═╝   ╚══════╝╚═╝     ╚═╝╚═╝      ╚═════╝ 
2023-11-09 14:42:36,849 INFO     -----------------------------------------------------------------------
2023-11-09 14:42:36,849 INFO     Temporally Encoded Spiking Neural Network for Visual Place Recognition v1.1.0
2023-11-09 14:42:36,849 INFO     Queensland University of Technology, Centre for Robotics
2023-11-09 14:42:36,850 INFO     
2023-11-09 14:42:36,850 INFO     © 2023 Adam D Hines, Peter G Stratton, Michael Milford, Tobias Fischer
2023-11-09 14:42:36,850 INFO     MIT license - https://github.com/QVPR/VPRTempo
2023-11-09 14:42:36,850 INFO     \\\\\\\\\\\\
2023-11-09 14:42:36,851 INFO     
2023-11-09 14:42:36,851 INFO     CUDA available: True
2023-11-09 14:42:36,851 INFO     Current device is: NVIDIA GeForce RTX 2080
2023-11-09 14:42:36,852 INFO     
2023-11-09 14:42:37,987 INFO     +--------+------+------+------+------+------+------+
|   N    |  1   |  5   |  10  |  15  |  20  |  25  |
+--------+------+------+------+------+------+------+
| Recall | 0.92 | 0.98 | 0.98 | 0.98 | 0.98 | 0.99 |
+--------+------+------+------+------+------+------+
2023-11-09 14:43:41,668 INFO     
2023-11-09 14:43:41,668 INFO     ██╗   ██╗██████╗ ██████╗ ████████╗███████╗███╗   ███╗██████╗  ██████╗
2023-11-09 14:43:41,669 INFO     ██║   ██║██╔══██╗██╔══██╗╚══██╔══╝██╔════╝████╗ ████║██╔══██╗██╔═══██╗
2023-11-09 14:43:41,669 INFO     ██║   ██║██████╔╝██████╔╝   ██║   █████╗  ██╔████╔██║██████╔╝██║   ██║
2023-11-09 14:43:41,669 INFO     ╚██╗ ██╔╝██╔═══╝ ██╔══██╗   ██║   ██╔══╝  ██║╚██╔╝██║██╔═══╝ ██║   ██║
2023-11-09 14:43:41,670 INFO      ╚████╔╝ ██║     ██║  ██║   ██║   ███████╗██║ ╚═╝ ██║██║     ╚██████╔╝
2023-11-09 14:43:41,670 INFO       ╚═══╝  ╚═╝     ╚═╝  ╚═╝   ╚═╝   ╚══════╝╚═╝     ╚═╝╚═╝      ╚═════╝ 
2023-11-09 14:43:41,670 INFO     -----------------------------------------------------------------------
2023-11-09 14:43:41,671 INFO     Temporally Encoded Spiking Neural Network for Visual Place Recognition v1.1.0
2023-11-09 14:43:41,671 INFO     Queensland University of Technology, Centre for Robotics
2023-11-09 14:43:41,671 INFO     
2023-11-09 14:43:41,671 INFO     © 2023 Adam D Hines, Peter G Stratton, Michael Milford, Tobias Fischer
2023-11-09 14:43:41,672 INFO     MIT license - https://github.com/QVPR/VPRTempo
2023-11-09 14:43:41,672 INFO     \\\\\\\\\\\\
2023-11-09 14:43:41,672 INFO     
2023-11-09 14:43:41,673 INFO     Quantization enabled
2023-11-09 14:43:41,673 INFO     Current device is: CPU
2023-11-09 14:43:41,673 INFO     
