2023-11-13 15:59:49,981 INFO     
2023-11-13 15:59:49,981 INFO     ██╗   ██╗██████╗ ██████╗ ████████╗███████╗███╗   ███╗██████╗  ██████╗
2023-11-13 15:59:49,981 INFO     ██║   ██║██╔══██╗██╔══██╗╚══██╔══╝██╔════╝████╗ ████║██╔══██╗██╔═══██╗
2023-11-13 15:59:49,981 INFO     ██║   ██║██████╔╝██████╔╝   ██║   █████╗  ██╔████╔██║██████╔╝██║   ██║
2023-11-13 15:59:49,982 INFO     ╚██╗ ██╔╝██╔═══╝ ██╔══██╗   ██║   ██╔══╝  ██║╚██╔╝██║██╔═══╝ ██║   ██║
2023-11-13 15:59:49,982 INFO      ╚████╔╝ ██║     ██║  ██║   ██║   ███████╗██║ ╚═╝ ██║██║     ╚██████╔╝
2023-11-13 15:59:49,982 INFO       ╚═══╝  ╚═╝     ╚═╝  ╚═╝   ╚═╝   ╚══════╝╚═╝     ╚═╝╚═╝      ╚═════╝ 
2023-11-13 15:59:49,982 INFO     -----------------------------------------------------------------------
2023-11-13 15:59:49,982 INFO     Temporally Encoded Spiking Neural Network for Visual Place Recognition v1.1.0
2023-11-13 15:59:49,982 INFO     Queensland University of Technology, Centre for Robotics
2023-11-13 15:59:49,982 INFO     
2023-11-13 15:59:49,982 INFO     © 2023 Adam D Hines, Peter G Stratton, Michael Milford, Tobias Fischer
2023-11-13 15:59:49,982 INFO     MIT license - https://github.com/QVPR/VPRTempo
2023-11-13 15:59:49,982 INFO     \\\\\\\\\\\\
2023-11-13 15:59:49,982 INFO     
2023-11-13 15:59:49,982 INFO     Quantization enabled
2023-11-13 15:59:49,982 INFO     Current device is: CPU
2023-11-13 15:59:49,982 INFO     
2023-11-13 15:59:51,846 INFO     +--------+-------+-------+-------+------+-------+-------+
|   N    |   1   |   5   |   10  |  15  |   20  |   25  |
+--------+-------+-------+-------+------+-------+-------+
| Recall | 0.894 | 0.954 | 0.966 | 0.97 | 0.976 | 0.976 |
+--------+-------+-------+-------+------+-------+-------+
