2023-11-13 13:48:38,767 INFO     
2023-11-13 13:48:38,767 INFO     ██╗   ██╗██████╗ ██████╗ ████████╗███████╗███╗   ███╗██████╗  ██████╗
2023-11-13 13:48:38,767 INFO     ██║   ██║██╔══██╗██╔══██╗╚══██╔══╝██╔════╝████╗ ████║██╔══██╗██╔═══██╗
2023-11-13 13:48:38,767 INFO     ██║   ██║██████╔╝██████╔╝   ██║   █████╗  ██╔████╔██║██████╔╝██║   ██║
2023-11-13 13:48:38,767 INFO     ╚██╗ ██╔╝██╔═══╝ ██╔══██╗   ██║   ██╔══╝  ██║╚██╔╝██║██╔═══╝ ██║   ██║
2023-11-13 13:48:38,767 INFO      ╚████╔╝ ██║     ██║  ██║   ██║   ███████╗██║ ╚═╝ ██║██║     ╚██████╔╝
2023-11-13 13:48:38,767 INFO       ╚═══╝  ╚═╝     ╚═╝  ╚═╝   ╚═╝   ╚══════╝╚═╝     ╚═╝╚═╝      ╚═════╝ 
2023-11-13 13:48:38,767 INFO     -----------------------------------------------------------------------
2023-11-13 13:48:38,768 INFO     Temporally Encoded Spiking Neural Network for Visual Place Recognition v1.1.0
2023-11-13 13:48:38,768 INFO     Queensland University of Technology, Centre for Robotics
2023-11-13 13:48:38,768 INFO     
2023-11-13 13:48:38,768 INFO     © 2023 Adam D Hines, Peter G Stratton, Michael Milford, Tobias Fischer
2023-11-13 13:48:38,768 INFO     MIT license - https://github.com/QVPR/VPRTempo
2023-11-13 13:48:38,768 INFO     \\\\\\\\\\\\
2023-11-13 13:48:38,768 INFO     
2023-11-13 13:48:38,768 INFO     Quantization enabled
2023-11-13 13:48:38,768 INFO     Current device is: CPU
2023-11-13 13:48:38,768 INFO     
2023-11-13 13:48:40,757 INFO     +--------+------+-------+-------+-------+-------+-------+
|   N    |  1   |   5   |   10  |   15  |   20  |   25  |
+--------+------+-------+-------+-------+-------+-------+
| Recall | 0.89 | 0.964 | 0.976 | 0.986 | 0.988 | 0.988 |
+--------+------+-------+-------+-------+-------+-------+
