2023-11-21 14:36:31,189 INFO     
2023-11-21 14:36:31,189 INFO     ██╗   ██╗██████╗ ██████╗ ████████╗███████╗███╗   ███╗██████╗  ██████╗
2023-11-21 14:36:31,190 INFO     ██║   ██║██╔══██╗██╔══██╗╚══██╔══╝██╔════╝████╗ ████║██╔══██╗██╔═══██╗
2023-11-21 14:36:31,190 INFO     ██║   ██║██████╔╝██████╔╝   ██║   █████╗  ██╔████╔██║██████╔╝██║   ██║
2023-11-21 14:36:31,190 INFO     ╚██╗ ██╔╝██╔═══╝ ██╔══██╗   ██║   ██╔══╝  ██║╚██╔╝██║██╔═══╝ ██║   ██║
2023-11-21 14:36:31,190 INFO      ╚████╔╝ ██║     ██║  ██║   ██║   ███████╗██║ ╚═╝ ██║██║     ╚██████╔╝
2023-11-21 14:36:31,190 INFO       ╚═══╝  ╚═╝     ╚═╝  ╚═╝   ╚═╝   ╚══════╝╚═╝     ╚═╝╚═╝      ╚═════╝ 
2023-11-21 14:36:31,190 INFO     -----------------------------------------------------------------------
2023-11-21 14:36:31,190 INFO     Temporally Encoded Spiking Neural Network for Visual Place Recognition v1.1.0
2023-11-21 14:36:31,190 INFO     Queensland University of Technology, Centre for Robotics
2023-11-21 14:36:31,190 INFO     
2023-11-21 14:36:31,190 INFO     © 2023 Adam D Hines, Peter G Stratton, Michael Milford, Tobias Fischer
2023-11-21 14:36:31,190 INFO     MIT license - https://github.com/QVPR/VPRTempo
2023-11-21 14:36:31,190 INFO     \\\\\\\\\\\\
2023-11-21 14:36:31,190 INFO     
2023-11-21 14:36:31,190 INFO     CUDA available: True
2023-11-21 14:36:31,190 INFO     Current device is: NVIDIA GeForce RTX 2080
2023-11-21 14:36:31,190 INFO     
2023-11-21 14:36:34,191 INFO     +--------+------+------+------+------+------+------+
|   N    |  1   |  5   |  10  |  15  |  20  |  25  |
+--------+------+------+------+------+------+------+
| Recall | 0.78 | 0.88 | 0.91 | 0.92 | 0.92 | 0.93 |
+--------+------+------+------+------+------+------+
