2023-11-09 14:52:41,365 INFO     
2023-11-09 14:52:41,365 INFO     ██╗   ██╗██████╗ ██████╗ ████████╗███████╗███╗   ███╗██████╗  ██████╗
2023-11-09 14:52:41,365 INFO     ██║   ██║██╔══██╗██╔══██╗╚══██╔══╝██╔════╝████╗ ████║██╔══██╗██╔═══██╗
2023-11-09 14:52:41,366 INFO     ██║   ██║██████╔╝██████╔╝   ██║   █████╗  ██╔████╔██║██████╔╝██║   ██║
2023-11-09 14:52:41,366 INFO     ╚██╗ ██╔╝██╔═══╝ ██╔══██╗   ██║   ██╔══╝  ██║╚██╔╝██║██╔═══╝ ██║   ██║
2023-11-09 14:52:41,366 INFO      ╚████╔╝ ██║     ██║  ██║   ██║   ███████╗██║ ╚═╝ ██║██║     ╚██████╔╝
2023-11-09 14:52:41,366 INFO       ╚═══╝  ╚═╝     ╚═╝  ╚═╝   ╚═╝   ╚══════╝╚═╝     ╚═╝╚═╝      ╚═════╝ 
2023-11-09 14:52:41,366 INFO     -----------------------------------------------------------------------
2023-11-09 14:52:41,366 INFO     Temporally Encoded Spiking Neural Network for Visual Place Recognition v1.1.0
2023-11-09 14:52:41,366 INFO     Queensland University of Technology, Centre for Robotics
2023-11-09 14:52:41,366 INFO     
2023-11-09 14:52:41,366 INFO     © 2023 Adam D Hines, Peter G Stratton, Michael Milford, Tobias Fischer
2023-11-09 14:52:41,366 INFO     MIT license - https://github.com/QVPR/VPRTempo
2023-11-09 14:52:41,366 INFO     \\\\\\\\\\\\
2023-11-09 14:52:41,366 INFO     
2023-11-09 14:52:41,366 INFO     Quantization enabled
2023-11-09 14:52:41,366 INFO     Current device is: CPU
2023-11-09 14:52:41,366 INFO     
2023-11-09 14:52:43,839 INFO     +--------+-------+------+-------+-------+-------+-------+
|   N    |   1   |  5   |   10  |   15  |   20  |   25  |
+--------+-------+------+-------+-------+-------+-------+
| Recall | 0.922 | 0.96 | 0.978 | 0.984 | 0.984 | 0.988 |
+--------+-------+------+-------+-------+-------+-------+
